Copyright 1986-2018 Xilinx, Inc. All Rights Reserved.
------------------------------------------------------------------------------------
| Tool Version : Vivado v.2018.3 (win64) Build 2405991 Thu Dec  6 23:38:27 MST 2018
| Date         : Sun Jul 12 16:39:12 2026
| Host         : MOLLY running 64-bit major release  (build 9200)
| Command      : upgrade_ip
| Device       : xczu7eg-ffvc1156-2-i
------------------------------------------------------------------------------------

Upgrade Log for IP 'cemeralink_dma_cameralink_decoder_a_0_2'

1. Summary
----------

SUCCESS in the upgrade of cemeralink_dma_cameralink_decoder_a_0_2 (xilinx.com:user:cameralink_decoder_axi:1.0) from (Rev. 11) to (Rev. 12)






Copyright 1986-2018 Xilinx, Inc. All Rights Reserved.
------------------------------------------------------------------------------------
| Tool Version : Vivado v.2018.3 (win64) Build 2405991 Thu Dec  6 23:38:27 MST 2018
| Date         : Thu Jul  9 19:08:59 2026
| Host         : MOLLY running 64-bit major release  (build 9200)
| Command      : upgrade_ip
| Device       : xczu7eg-ffvc1156-2-i
------------------------------------------------------------------------------------

Upgrade Log for IP 'cemeralink_dma_cameralink_decoder_a_0_2'

1. Summary
----------

SUCCESS in the upgrade of cemeralink_dma_cameralink_decoder_a_0_2 (xilinx.com:user:cameralink_decoder_axi:1.0) from (Rev. 10) to (Rev. 11)






Copyright 1986-2018 Xilinx, Inc. All Rights Reserved.
------------------------------------------------------------------------------------
| Tool Version : Vivado v.2018.3 (win64) Build 2405991 Thu Dec  6 23:38:27 MST 2018
| Date         : Thu Jul  9 17:48:12 2026
| Host         : MOLLY running 64-bit major release  (build 9200)
| Command      : upgrade_ip
| Device       : xczu7eg-ffvc1156-2-i
------------------------------------------------------------------------------------

Upgrade Log for IP 'cemeralink_dma_cameralink_decoder_a_0_2'

1. Summary
----------

SUCCESS in the conversion of cemeralink_dma_cameralink_decoder_a_0_2 (xilinx.com:user:cameralink_decoder_axi:1.0 (Rev. 10)) to Vivado generation flows.






Copyright 1986-2018 Xilinx, Inc. All Rights Reserved.
------------------------------------------------------------------------------------
| Tool Version : Vivado v.2018.3 (win64) Build 2405991 Thu Dec  6 23:38:27 MST 2018
| Date         : Thu Jul  9 16:29:55 2026
| Host         : MOLLY running 64-bit major release  (build 9200)
| Command      : upgrade_ip
| Device       : xczu7eg-ffvc1156-2-i
------------------------------------------------------------------------------------

Upgrade Log for IP 'cemeralink_dma_cameralink_decoder_a_0_2'

1. Summary
----------

SUCCESS in the conversion of cemeralink_dma_cameralink_decoder_a_0_2 (xilinx.com:user:cameralink_decoder_axi:1.0 (Rev. 10)) to Vivado generation flows.






Copyright 1986-2018 Xilinx, Inc. All Rights Reserved.
------------------------------------------------------------------------------------
| Tool Version : Vivado v.2018.3 (win64) Build 2405991 Thu Dec  6 23:38:27 MST 2018
| Date         : Thu Jul  9 16:29:30 2026
| Host         : MOLLY running 64-bit major release  (build 9200)
| Command      : upgrade_ip
| Device       : xczu7eg-ffvc1156-2-i
------------------------------------------------------------------------------------

Upgrade Log for IP 'cemeralink_dma_cameralink_decoder_a_0_2'

1. Summary
----------

SUCCESS in the upgrade of cemeralink_dma_cameralink_decoder_a_0_2 (xilinx.com:user:cameralink_decoder_axi:1.0) from (Rev. 9) to (Rev. 10)






Copyright 1986-2018 Xilinx, Inc. All Rights Reserved.
------------------------------------------------------------------------------------
| Tool Version : Vivado v.2018.3 (win64) Build 2405991 Thu Dec  6 23:38:27 MST 2018
| Date         : Thu Jul  9 16:08:53 2026
| Host         : MOLLY running 64-bit major release  (build 9200)
| Command      : upgrade_ip
| Device       : xczu7eg-ffvc1156-2-i
------------------------------------------------------------------------------------

Upgrade Log for IP 'cemeralink_dma_cameralink_decoder_a_0_2'

1. Summary
----------

SUCCESS in the conversion of cemeralink_dma_cameralink_decoder_a_0_2 (xilinx.com:user:cameralink_decoder_axi:1.0 (Rev. 9)) to Vivado generation flows.






Copyright 1986-2018 Xilinx, Inc. All Rights Reserved.
------------------------------------------------------------------------------------
| Tool Version : Vivado v.2018.3 (win64) Build 2405991 Thu Dec  6 23:38:27 MST 2018
| Date         : Thu Jul  9 16:05:40 2026
| Host         : MOLLY running 64-bit major release  (build 9200)
| Command      : upgrade_ip
| Device       : xczu7eg-ffvc1156-2-i
------------------------------------------------------------------------------------

Upgrade Log for IP 'cemeralink_dma_cameralink_decoder_a_0_2'

1. Summary
----------

SUCCESS in the upgrade of cemeralink_dma_cameralink_decoder_a_0_2 (xilinx.com:user:cameralink_decoder_axi:1.0) from (Rev. 8) to (Rev. 9)






Copyright 1986-2018 Xilinx, Inc. All Rights Reserved.
------------------------------------------------------------------------------------
| Tool Version : Vivado v.2018.3 (win64) Build 2405991 Thu Dec  6 23:38:27 MST 2018
| Date         : Thu Jul  9 15:57:41 2026
| Host         : MOLLY running 64-bit major release  (build 9200)
| Command      : upgrade_ip
| Device       : xczu7eg-ffvc1156-2-i
------------------------------------------------------------------------------------

Upgrade Log for IP 'cemeralink_dma_cameralink_decoder_a_0_2'

1. Summary
----------

SUCCESS in the upgrade of cemeralink_dma_cameralink_decoder_a_0_2 (xilinx.com:user:cameralink_decoder_axi:1.0) from (Rev. 7) to (Rev. 8)






Copyright 1986-2018 Xilinx, Inc. All Rights Reserved.
------------------------------------------------------------------------------------
| Tool Version : Vivado v.2018.3 (win64) Build 2405991 Thu Dec  6 23:38:27 MST 2018
| Date         : Thu Jul  9 15:19:33 2026
| Host         : MOLLY running 64-bit major release  (build 9200)
| Command      : upgrade_ip
| Device       : xczu7eg-ffvc1156-2-i
------------------------------------------------------------------------------------

Upgrade Log for IP 'cemeralink_dma_cameralink_decoder_a_0_2'

1. Summary
----------

SUCCESS in the upgrade of cemeralink_dma_cameralink_decoder_a_0_2 (xilinx.com:user:cameralink_decoder_axi:1.0) from (Rev. 6) to (Rev. 7)

